This is pdfTeX, Version 3.14159265-2.6-1.40.19 (TeX Live 2018/W32TeX) (preloaded format=pdflatex 2018.9.20)  12 JAN 2019 00:15
entering extended mode
 restricted \write18 enabled.
 %&-line parsing enabled.
**CL-draft-0111.tex
(./CL-draft-0111.tex
LaTeX2e <2018-04-01> patch level 5
(./IEEEtran.cls
Document Class: IEEEtran 2007/03/05 V1.7a by Michael Shell
-- See the "IEEEtran_HOWTO" manual for usage information.
-- http://www.michaelshell.org/tex/ieeetran/
\@IEEEtrantmpdimenA=\dimen102
\@IEEEtrantmpdimenB=\dimen103
\@IEEEtrantmpcountA=\count80
\@IEEEtrantmpcountB=\count81
\@IEEEtrantmptoksA=\toks14
LaTeX Font Info:    Try loading font information for OT1+ptm on input line 366.

(c:/texlive/2018/texmf-dist/tex/latex/psnfss/ot1ptm.fd
File: ot1ptm.fd 2001/06/04 font definitions for OT1/ptm.
)
-- Using 8.5in x 11in (letter) paper.
-- Using PDF output.
\@IEEEnormalsizeunitybaselineskip=\dimen104
-- This is a 10 point document.
\CLASSINFOnormalsizebaselineskip=\dimen105
\CLASSINFOnormalsizeunitybaselineskip=\dimen106
\IEEEnormaljot=\dimen107
LaTeX Font Info:    Font shape `OT1/ptm/bx/n' in size <5> not available
(Font)              Font shape `OT1/ptm/b/n' tried instead on input line 724.
LaTeX Font Info:    Font shape `OT1/ptm/bx/it' in size <5> not available
(Font)              Font shape `OT1/ptm/b/it' tried instead on input line 724.
LaTeX Font Info:    Font shape `OT1/ptm/bx/n' in size <7> not available
(Font)              Font shape `OT1/ptm/b/n' tried instead on input line 724.
LaTeX Font Info:    Font shape `OT1/ptm/bx/it' in size <7> not available
(Font)              Font shape `OT1/ptm/b/it' tried instead on input line 724.
LaTeX Font Info:    Font shape `OT1/ptm/bx/n' in size <8> not available
(Font)              Font shape `OT1/ptm/b/n' tried instead on input line 724.
LaTeX Font Info:    Font shape `OT1/ptm/bx/it' in size <8> not available
(Font)              Font shape `OT1/ptm/b/it' tried instead on input line 724.
LaTeX Font Info:    Font shape `OT1/ptm/bx/n' in size <9> not available
(Font)              Font shape `OT1/ptm/b/n' tried instead on input line 724.
LaTeX Font Info:    Font shape `OT1/ptm/bx/it' in size <9> not available
(Font)              Font shape `OT1/ptm/b/it' tried instead on input line 724.
LaTeX Font Info:    Font shape `OT1/ptm/bx/n' in size <10> not available
(Font)              Font shape `OT1/ptm/b/n' tried instead on input line 724.
LaTeX Font Info:    Font shape `OT1/ptm/bx/it' in size <10> not available
(Font)              Font shape `OT1/ptm/b/it' tried instead on input line 724.
LaTeX Font Info:    Font shape `OT1/ptm/bx/n' in size <11> not available
(Font)              Font shape `OT1/ptm/b/n' tried instead on input line 724.
LaTeX Font Info:    Font shape `OT1/ptm/bx/it' in size <11> not available
(Font)              Font shape `OT1/ptm/b/it' tried instead on input line 724.
LaTeX Font Info:    Font shape `OT1/ptm/bx/n' in size <12> not available
(Font)              Font shape `OT1/ptm/b/n' tried instead on input line 724.
LaTeX Font Info:    Font shape `OT1/ptm/bx/it' in size <12> not available
(Font)              Font shape `OT1/ptm/b/it' tried instead on input line 724.
LaTeX Font Info:    Font shape `OT1/ptm/bx/n' in size <17> not available
(Font)              Font shape `OT1/ptm/b/n' tried instead on input line 724.
LaTeX Font Info:    Font shape `OT1/ptm/bx/it' in size <17> not available
(Font)              Font shape `OT1/ptm/b/it' tried instead on input line 724.
LaTeX Font Info:    Font shape `OT1/ptm/bx/n' in size <20> not available
(Font)              Font shape `OT1/ptm/b/n' tried instead on input line 724.
LaTeX Font Info:    Font shape `OT1/ptm/bx/it' in size <20> not available
(Font)              Font shape `OT1/ptm/b/it' tried instead on input line 724.
LaTeX Font Info:    Font shape `OT1/ptm/bx/n' in size <24> not available
(Font)              Font shape `OT1/ptm/b/n' tried instead on input line 724.
LaTeX Font Info:    Font shape `OT1/ptm/bx/it' in size <24> not available
(Font)              Font shape `OT1/ptm/b/it' tried instead on input line 724.
\IEEEilabelindentA=\dimen108
\IEEEilabelindentB=\dimen109
\IEEEilabelindent=\dimen110
\IEEEelabelindent=\dimen111
\IEEEdlabelindent=\dimen112
\IEEElabelindent=\dimen113
\IEEEiednormlabelsep=\dimen114
\IEEEiedmathlabelsep=\dimen115
\IEEEiedtopsep=\skip41
\c@section=\count82
\c@subsection=\count83
\c@subsubsection=\count84
\c@paragraph=\count85
\c@IEEEsubequation=\count86
\abovecaptionskip=\skip42
\belowcaptionskip=\skip43
\c@figure=\count87
\c@table=\count88
\@IEEEeqnnumcols=\count89
\@IEEEeqncolcnt=\count90
\@IEEEtmpitemindent=\dimen116
\c@IEEEbiography=\count91
\@IEEEtranrubishbin=\box26
) (c:/texlive/2018/texmf-dist/tex/latex/psnfss/times.sty
Package: times 2005/04/12 PSNFSS-v9.2a (SPQR) 
)
(c:/texlive/2018/texmf-dist/tex/latex/natbib/natbib.sty
Package: natbib 2010/09/13 8.31b (PWD, AO)
\bibhang=\skip44
\bibsep=\skip45
LaTeX Info: Redefining \cite on input line 694.
\c@NAT@ctr=\count92
)
(c:/texlive/2018/texmf-dist/tex/latex/tools/multicol.sty
Package: multicol 2018/04/20 v1.8s multicolumn formatting (FMi)
\c@tracingmulticols=\count93
\mult@box=\box27
\multicol@leftmargin=\dimen117
\c@unbalance=\count94
\c@collectmore=\count95
\doublecol@number=\count96
\multicoltolerance=\count97
\multicolpretolerance=\count98
\full@width=\dimen118
\page@free=\dimen119
\premulticols=\dimen120
\postmulticols=\dimen121
\multicolsep=\skip46
\multicolbaselineskip=\skip47
\partial@page=\box28
\last@line=\box29
\maxbalancingoverflow=\dimen122
\mult@rightbox=\box30
\mult@grightbox=\box31
\mult@gfirstbox=\box32
\mult@firstbox=\box33
\@tempa=\box34
\@tempa=\box35
\@tempa=\box36
\@tempa=\box37
\@tempa=\box38
\@tempa=\box39
\@tempa=\box40
\@tempa=\box41
\@tempa=\box42
\@tempa=\box43
\@tempa=\box44
\@tempa=\box45
\@tempa=\box46
\@tempa=\box47
\@tempa=\box48
\@tempa=\box49
\@tempa=\box50
\c@columnbadness=\count99
\c@finalcolumnbadness=\count100
\last@try=\dimen123
\multicolovershoot=\dimen124
\multicolundershoot=\dimen125
\mult@nat@firstbox=\box51
\colbreak@box=\box52
\mc@col@check@num=\count101
)
(c:/texlive/2018/texmf-dist/tex/latex/hyperref/hyperref.sty
Package: hyperref 2018/02/06 v6.86b Hypertext links for LaTeX

(c:/texlive/2018/texmf-dist/tex/generic/oberdiek/hobsub-hyperref.sty
Package: hobsub-hyperref 2016/05/16 v1.14 Bundle oberdiek, subset hyperref (HO)


(c:/texlive/2018/texmf-dist/tex/generic/oberdiek/hobsub-generic.sty
Package: hobsub-generic 2016/05/16 v1.14 Bundle oberdiek, subset generic (HO)
Package: hobsub 2016/05/16 v1.14 Construct package bundles (HO)
Package: infwarerr 2016/05/16 v1.4 Providing info/warning/error messages (HO)
Package: ltxcmds 2016/05/16 v1.23 LaTeX kernel commands for general use (HO)
Package: ifluatex 2016/05/16 v1.4 Provides the ifluatex switch (HO)
Package ifluatex Info: LuaTeX not detected.
Package: ifvtex 2016/05/16 v1.6 Detect VTeX and its facilities (HO)
Package ifvtex Info: VTeX not detected.
Package: intcalc 2016/05/16 v1.2 Expandable calculations with integers (HO)
Package: ifpdf 2018/09/07 v3.3 Provides the ifpdf switch
Package: etexcmds 2016/05/16 v1.6 Avoid name clashes with e-TeX commands (HO)
Package etexcmds Info: Could not find \expanded.
(etexcmds)             That can mean that you are not using pdfTeX 1.50 or
(etexcmds)             that some package has redefined \expanded.
(etexcmds)             In the latter case, load this package earlier.
Package: kvsetkeys 2016/05/16 v1.17 Key value parser (HO)
Package: kvdefinekeys 2016/05/16 v1.4 Define keys (HO)
Package: pdftexcmds 2018/09/10 v0.29 Utility functions of pdfTeX for LuaTeX (HO
)
Package pdftexcmds Info: LuaTeX not detected.
Package pdftexcmds Info: \pdf@primitive is available.
Package pdftexcmds Info: \pdf@ifprimitive is available.
Package pdftexcmds Info: \pdfdraftmode found.
Package: pdfescape 2016/05/16 v1.14 Implements pdfTeX's escape features (HO)
Package: bigintcalc 2016/05/16 v1.4 Expandable calculations on big integers (HO
)
Package: bitset 2016/05/16 v1.2 Handle bit-vector datatype (HO)
Package: uniquecounter 2016/05/16 v1.3 Provide unlimited unique counter (HO)
)
Package hobsub Info: Skipping package `hobsub' (already loaded).
Package: letltxmacro 2016/05/16 v1.5 Let assignment for LaTeX macros (HO)
Package: hopatch 2016/05/16 v1.3 Wrapper for package hooks (HO)
Package: xcolor-patch 2016/05/16 xcolor patch
Package: atveryend 2016/05/16 v1.9 Hooks at the very end of document (HO)
Package atveryend Info: \enddocument detected (standard20110627).
Package: atbegshi 2016/06/09 v1.18 At begin shipout hook (HO)
Package: refcount 2016/05/16 v3.5 Data extraction from label references (HO)
Package: hycolor 2016/05/16 v1.8 Color options for hyperref/bookmark (HO)
)
(c:/texlive/2018/texmf-dist/tex/latex/graphics/keyval.sty
Package: keyval 2014/10/28 v1.15 key=value parser (DPC)
\KV@toks@=\toks15
)
(c:/texlive/2018/texmf-dist/tex/generic/ifxetex/ifxetex.sty
Package: ifxetex 2010/09/12 v0.6 Provides ifxetex conditional
)
(c:/texlive/2018/texmf-dist/tex/latex/oberdiek/auxhook.sty
Package: auxhook 2016/05/16 v1.4 Hooks for auxiliary files (HO)
)
(c:/texlive/2018/texmf-dist/tex/latex/oberdiek/kvoptions.sty
Package: kvoptions 2016/05/16 v3.12 Key value format for package options (HO)
)
\@linkdim=\dimen126
\Hy@linkcounter=\count102
\Hy@pagecounter=\count103

(c:/texlive/2018/texmf-dist/tex/latex/hyperref/pd1enc.def
File: pd1enc.def 2018/02/06 v6.86b Hyperref: PDFDocEncoding definition (HO)
Now handling font encoding PD1 ...
... no UTF-8 mapping file for font encoding PD1
)
\Hy@SavedSpaceFactor=\count104

(c:/texlive/2018/texmf-dist/tex/latex/latexconfig/hyperref.cfg
File: hyperref.cfg 2002/06/06 v1.2 hyperref configuration of TeXLive
)
Package hyperref Info: Option `bookmarks' set `true' on input line 4383.
Package hyperref Info: Hyper figures OFF on input line 4509.
Package hyperref Info: Link nesting OFF on input line 4514.
Package hyperref Info: Hyper index ON on input line 4517.
Package hyperref Info: Plain pages OFF on input line 4524.
Package hyperref Info: Backreferencing OFF on input line 4529.
Package hyperref Info: Implicit mode ON; LaTeX internals redefined.
Package hyperref Info: Bookmarks ON on input line 4762.
\c@Hy@tempcnt=\count105

(c:/texlive/2018/texmf-dist/tex/latex/url/url.sty
\Urlmuskip=\muskip10
Package: url 2013/09/16  ver 3.4  Verb mode for urls, etc.
)
LaTeX Info: Redefining \url on input line 5115.
\XeTeXLinkMargin=\dimen127
\Fld@menulength=\count106
\Field@Width=\dimen128
\Fld@charsize=\dimen129
Package hyperref Info: Hyper figures OFF on input line 6369.
Package hyperref Info: Link nesting OFF on input line 6374.
Package hyperref Info: Hyper index ON on input line 6377.
Package hyperref Info: backreferencing OFF on input line 6384.
Package hyperref Info: Link coloring OFF on input line 6389.
Package hyperref Info: Link coloring with OCG OFF on input line 6394.
Package hyperref Info: PDF/A mode OFF on input line 6399.
LaTeX Info: Redefining \ref on input line 6439.
LaTeX Info: Redefining \pageref on input line 6443.
\Hy@abspage=\count107
\c@Item=\count108
\c@Hfootnote=\count109
)
Package hyperref Info: Driver (autodetected): hpdftex.

(c:/texlive/2018/texmf-dist/tex/latex/hyperref/hpdftex.def
File: hpdftex.def 2018/02/06 v6.86b Hyperref driver for pdfTeX
\Fld@listcount=\count110
\c@bookmark@seq@number=\count111

(c:/texlive/2018/texmf-dist/tex/latex/oberdiek/rerunfilecheck.sty
Package: rerunfilecheck 2016/05/16 v1.8 Rerun checks for auxiliary files (HO)
Package uniquecounter Info: New unique counter `rerunfilecheck' on input line 2
82.
)
\Hy@SectionHShift=\skip48
)
(c:/texlive/2018/texmf-dist/tex/latex/amsmath/amsmath.sty
Package: amsmath 2017/09/02 v2.17a AMS math features
\@mathmargin=\skip49

For additional information on amsmath, use the `?' option.
(c:/texlive/2018/texmf-dist/tex/latex/amsmath/amstext.sty
Package: amstext 2000/06/29 v2.01 AMS text

(c:/texlive/2018/texmf-dist/tex/latex/amsmath/amsgen.sty
File: amsgen.sty 1999/11/30 v2.0 generic functions
\@emptytoks=\toks16
\ex@=\dimen130
))
(c:/texlive/2018/texmf-dist/tex/latex/amsmath/amsbsy.sty
Package: amsbsy 1999/11/29 v1.2d Bold Symbols
\pmbraise@=\dimen131
)
(c:/texlive/2018/texmf-dist/tex/latex/amsmath/amsopn.sty
Package: amsopn 2016/03/08 v2.02 operator names
)
\inf@bad=\count112
LaTeX Info: Redefining \frac on input line 213.
\uproot@=\count113
\leftroot@=\count114
LaTeX Info: Redefining \overline on input line 375.
\classnum@=\count115
\DOTSCASE@=\count116
LaTeX Info: Redefining \ldots on input line 472.
LaTeX Info: Redefining \dots on input line 475.
LaTeX Info: Redefining \cdots on input line 596.
\Mathstrutbox@=\box53
\strutbox@=\box54
\big@size=\dimen132
LaTeX Font Info:    Redeclaring font encoding OML on input line 712.
LaTeX Font Info:    Redeclaring font encoding OMS on input line 713.
\macc@depth=\count117
\c@MaxMatrixCols=\count118
\dotsspace@=\muskip11
\c@parentequation=\count119
\dspbrk@lvl=\count120
\tag@help=\toks17
\row@=\count121
\column@=\count122
\maxfields@=\count123
\andhelp@=\toks18
\eqnshift@=\dimen133
\alignsep@=\dimen134
\tagshift@=\dimen135
\tagwidth@=\dimen136
\totwidth@=\dimen137
\lineht@=\dimen138
\@envbody=\toks19
\multlinegap=\skip50
\multlinetaggap=\skip51
\mathdisplay@stack=\toks20
LaTeX Info: Redefining \[ on input line 2817.
LaTeX Info: Redefining \] on input line 2818.
)
(c:/texlive/2018/texmf-dist/tex/latex/amsfonts/amssymb.sty
Package: amssymb 2013/01/14 v3.01 AMS font symbols

(c:/texlive/2018/texmf-dist/tex/latex/amsfonts/amsfonts.sty
Package: amsfonts 2013/01/14 v3.01 Basic AMSFonts support
\symAMSa=\mathgroup4
\symAMSb=\mathgroup5
LaTeX Font Info:    Overwriting math alphabet `\mathfrak' in version `bold'
(Font)                  U/euf/m/n --> U/euf/b/n on input line 106.
))
(c:/texlive/2018/texmf-dist/tex/latex/graphics/graphicx.sty
Package: graphicx 2017/06/01 v1.1a Enhanced LaTeX Graphics (DPC,SPQR)

(c:/texlive/2018/texmf-dist/tex/latex/graphics/graphics.sty
Package: graphics 2017/06/25 v1.2c Standard LaTeX Graphics (DPC,SPQR)

(c:/texlive/2018/texmf-dist/tex/latex/graphics/trig.sty
Package: trig 2016/01/03 v1.10 sin cos tan (DPC)
)
(c:/texlive/2018/texmf-dist/tex/latex/graphics-cfg/graphics.cfg
File: graphics.cfg 2016/06/04 v1.11 sample graphics configuration
)
Package graphics Info: Driver file: pdftex.def on input line 99.

(c:/texlive/2018/texmf-dist/tex/latex/graphics-def/pdftex.def
File: pdftex.def 2018/01/08 v1.0l Graphics/color driver for pdftex
))
\Gin@req@height=\dimen139
\Gin@req@width=\dimen140
)
(c:/texlive/2018/texmf-dist/tex/latex/subfigure/subfigure.sty
Package: subfigure 2002/03/15 v2.1.5 subfigure package
\subfigtopskip=\skip52
\subfigcapskip=\skip53
\subfigcaptopadj=\dimen141
\subfigbottomskip=\skip54
\subfigcapmargin=\dimen142
\subfiglabelskip=\skip55
\c@subfigure=\count124
\c@lofdepth=\count125
\c@subtable=\count126
\c@lotdepth=\count127

****************************************
* Local config file subfigure.cfg used *
****************************************
(c:/texlive/2018/texmf-dist/tex/latex/subfigure/subfigure.cfg)
\subfig@top=\skip56
\subfig@bottom=\skip57
)
(c:/texlive/2018/texmf-dist/tex/latex/algorithms/algorithm.sty
Package: algorithm 2009/08/24 v0.1 Document Style `algorithm' - floating enviro
nment

(c:/texlive/2018/texmf-dist/tex/latex/float/float.sty
Package: float 2001/11/08 v1.3d Float enhancements (AL)
\c@float@type=\count128
\float@exts=\toks21
\float@box=\box55
\@float@everytoks=\toks22
\@floatcapt=\box56
)
(c:/texlive/2018/texmf-dist/tex/latex/base/ifthen.sty
Package: ifthen 2014/09/29 v1.1c Standard LaTeX ifthen package (DPC)
)
\@float@every@algorithm=\toks23
\c@algorithm=\count129
)
\c@theorem=\count130
\c@remark=\count131
\c@lemma=\count132
\c@definition=\count133
 (./CL-draft-0111.aux)
\openout1 = `CL-draft-0111.aux'.

LaTeX Font Info:    Checking defaults for OML/cmm/m/it on input line 26.
LaTeX Font Info:    ... okay on input line 26.
LaTeX Font Info:    Checking defaults for T1/cmr/m/n on input line 26.
LaTeX Font Info:    ... okay on input line 26.
LaTeX Font Info:    Checking defaults for OT1/cmr/m/n on input line 26.
LaTeX Font Info:    ... okay on input line 26.
LaTeX Font Info:    Checking defaults for OMS/cmsy/m/n on input line 26.
LaTeX Font Info:    ... okay on input line 26.
LaTeX Font Info:    Checking defaults for OMX/cmex/m/n on input line 26.
LaTeX Font Info:    ... okay on input line 26.
LaTeX Font Info:    Checking defaults for U/cmr/m/n on input line 26.
LaTeX Font Info:    ... okay on input line 26.
LaTeX Font Info:    Checking defaults for PD1/pdf/m/n on input line 26.
LaTeX Font Info:    ... okay on input line 26.
\AtBeginShipoutBox=\box57
Package hyperref Info: Link coloring OFF on input line 26.

(c:/texlive/2018/texmf-dist/tex/latex/hyperref/nameref.sty
Package: nameref 2016/05/21 v2.44 Cross-referencing by name of section

(c:/texlive/2018/texmf-dist/tex/generic/oberdiek/gettitlestring.sty
Package: gettitlestring 2016/05/16 v1.5 Cleanup title references (HO)
)
\c@section@level=\count134
)
LaTeX Info: Redefining \ref on input line 26.
LaTeX Info: Redefining \pageref on input line 26.
LaTeX Info: Redefining \nameref on input line 26.

(./CL-draft-0111.out) (./CL-draft-0111.out)
\@outlinefile=\write3
\openout3 = `CL-draft-0111.out'.


(c:/texlive/2018/texmf-dist/tex/context/base/mkii/supp-pdf.mkii
[Loading MPS to PDF converter (version 2006.09.02).]
\scratchcounter=\count135
\scratchdimen=\dimen143
\scratchbox=\box58
\nofMPsegments=\count136
\nofMParguments=\count137
\everyMPshowfont=\toks24
\MPscratchCnt=\count138
\MPscratchDim=\dimen144
\MPnumerator=\count139
\makeMPintoPDFobject=\count140
\everyMPtoPDFconversion=\toks25
) (c:/texlive/2018/texmf-dist/tex/latex/oberdiek/epstopdf-base.sty
Package: epstopdf-base 2016/05/15 v2.6 Base part for package epstopdf

(c:/texlive/2018/texmf-dist/tex/latex/oberdiek/grfext.sty
Package: grfext 2016/05/16 v1.2 Manage graphics extensions (HO)
)
Package epstopdf-base Info: Redefining graphics rule for `.eps' on input line 4
38.
Package grfext Info: Graphics extension search list:
(grfext)             [.pdf,.png,.jpg,.mps,.jpeg,.jbig2,.jb2,.PDF,.PNG,.JPG,.JPE
G,.JBIG2,.JB2,.eps]
(grfext)             \AppendGraphicsExtensions on input line 456.

(c:/texlive/2018/texmf-dist/tex/latex/latexconfig/epstopdf-sys.cfg
File: epstopdf-sys.cfg 2010/07/13 v1.3 Configuration of (r)epstopdf for TeX Liv
e
))
** ATTENTION: \authorblockN is deprecated (line 71). Use \IEEEauthorblockN inst
ead.
** ATTENTION: \authorblockA is deprecated (line 71). Use \IEEEauthorblockA inst
ead.
** ATTENTION: \authorblockN is deprecated (line 71). Use \IEEEauthorblockN inst
ead.
** ATTENTION: \authorblockA is deprecated (line 71). Use \IEEEauthorblockA inst
ead.
** ATTENTION: \authorblockN is deprecated (line 71). Use \IEEEauthorblockN inst
ead.
** ATTENTION: \authorblockA is deprecated (line 71). Use \IEEEauthorblockA inst
ead.
** ATTENTION: \authorblockN is deprecated (line 71). Use \IEEEauthorblockN inst
ead.
** ATTENTION: \authorblockA is deprecated (line 71). Use \IEEEauthorblockA inst
ead.
LaTeX Font Info:    Try loading font information for U+msa on input line 104.
(c:/texlive/2018/texmf-dist/tex/latex/amsfonts/umsa.fd
File: umsa.fd 2013/01/14 v3.01 AMS symbols A
)
LaTeX Font Info:    Try loading font information for U+msb on input line 104.

(c:/texlive/2018/texmf-dist/tex/latex/amsfonts/umsb.fd
File: umsb.fd 2013/01/14 v3.01 AMS symbols B
) [1{c:/texlive/2018/texmf-var/fonts/map/pdftex/updmap/pdftex.map}


]
Underfull \hbox (badness 2635) in paragraph at lines 113--114
[]\OT1/ptm/m/n/10 we ex-plic-itly con-sider dy-namic topol-ogy switch-ing
 []


Overfull \hbox (27.78265pt too wide) detected at line 176
 []$[] []$ []  
 []

[2pdfTeX warning (ext4): destination with the same identifier (name{equation.2.
1}) has been already used, duplicate ignored

\AtBegShi@Output ...ipout \box \AtBeginShipoutBox 
                                                  \fi \fi 
l.242 	\end{equation}
                     pdfTeX warning (ext4): destination with the same identifie
r (name{equation.2.2}) has been already used, duplicate ignored

\AtBegShi@Output ...ipout \box \AtBeginShipoutBox 
                                                  \fi \fi 
l.242 	\end{equation}
                     pdfTeX warning (ext4): destination with the same identifie
r (name{equation.2.3}) has been already used, duplicate ignored

\AtBegShi@Output ...ipout \box \AtBeginShipoutBox 
                                                  \fi \fi 
l.242 	\end{equation}
                     pdfTeX warning (ext4): destination with the same identifie
r (name{equation.2.4}) has been already used, duplicate ignored

\AtBegShi@Output ...ipout \box \AtBeginShipoutBox 
                                                  \fi \fi 
l.242 	\end{equation}
                     pdfTeX warning (ext4): destination with the same identifie
r (name{equation.2.1}) has been already used, duplicate ignored

\AtBegShi@Output ...ipout \box \AtBeginShipoutBox 
                                                  \fi \fi 
l.242 	\end{equation}
                     pdfTeX warning (ext4): destination with the same identifie
r (name{equation.2.2}) has been already used, duplicate ignored

\AtBegShi@Output ...ipout \box \AtBeginShipoutBox 
                                                  \fi \fi 
l.242 	\end{equation}
                     pdfTeX warning (ext4): destination with the same identifie
r (name{equation.2.5}) has been already used, duplicate ignored

\AtBegShi@Output ...ipout \box \AtBeginShipoutBox 
                                                  \fi \fi 
l.242 	\end{equation}
                     pdfTeX warning (ext4): destination with the same identifie
r (name{equation.2.1}) has been already used, duplicate ignored

\AtBegShi@Output ...ipout \box \AtBeginShipoutBox 
                                                  \fi \fi 
l.242 	\end{equation}
                     pdfTeX warning (ext4): destination with the same identifie
r (name{equation.2.2}) has been already used, duplicate ignored

\AtBegShi@Output ...ipout \box \AtBeginShipoutBox 
                                                  \fi \fi 
l.242 	\end{equation}
                     pdfTeX warning (ext4): destination with the same identifie
r (name{equation.2.6}) has been already used, duplicate ignored

\AtBegShi@Output ...ipout \box \AtBeginShipoutBox 
                                                  \fi \fi 
l.242 	\end{equation}
                     pdfTeX warning (ext4): destination with the same identifie
r (name{equation.2.1}) has been already used, duplicate ignored

\AtBegShi@Output ...ipout \box \AtBeginShipoutBox 
                                                  \fi \fi 
l.242 	\end{equation}
                     pdfTeX warning (ext4): destination with the same identifie
r (name{equation.2.2}) has been already used, duplicate ignored

\AtBegShi@Output ...ipout \box \AtBeginShipoutBox 
                                                  \fi \fi 
l.242 	\end{equation}
                     pdfTeX warning (ext4): destination with the same identifie
r (name{equation.2.3}) has been already used, duplicate ignored

\AtBegShi@Output ...ipout \box \AtBeginShipoutBox 
                                                  \fi \fi 
l.242 	\end{equation}
                     pdfTeX warning (ext4): destination with the same identifie
r (name{equation.2.7}) has been already used, duplicate ignored

\AtBegShi@Output ...ipout \box \AtBeginShipoutBox 
                                                  \fi \fi 
l.242 	\end{equation}
                     pdfTeX warning (ext4): destination with the same identifie
r (name{equation.2.1}) has been already used, duplicate ignored

\AtBegShi@Output ...ipout \box \AtBeginShipoutBox 
                                                  \fi \fi 
l.242 	\end{equation}
                     pdfTeX warning (ext4): destination with the same identifie
r (name{equation.2.2}) has been already used, duplicate ignored

\AtBegShi@Output ...ipout \box \AtBeginShipoutBox 
                                                  \fi \fi 
l.242 	\end{equation}
                     pdfTeX warning (ext4): destination with the same identifie
r (name{equation.2.3}) has been already used, duplicate ignored

\AtBegShi@Output ...ipout \box \AtBeginShipoutBox 
                                                  \fi \fi 
l.242 	\end{equation}
                     ]
Overfull \hbox (1.40321pt too wide) detected at line 286
[]
 []

Package hyperref Info: bookmark level for unknown algorithm defaults to 0 on in
put line 322.
pdfTeX warning (ext4): destination with the same identifier (name{equation.2.1}
) has been already used, duplicate ignored
<to be read again> 
                   \relax 
l.353 		\begin{equation}
                        pdfTeX warning (ext4): destination with the same identi
fier (name{equation.2.2}) has been already used, duplicate ignored
<to be read again> 
                   \relax 
l.356 		\begin{equation}
                        
Package epstopdf Info: Source file: <Fig/fig2_rmse.eps>
(epstopdf)                    date: 2019-01-11 22:53:39
(epstopdf)                    size: 545322 bytes
(epstopdf)             Output file: <Fig/fig2_rmse-eps-converted-to.pdf>
(epstopdf)                    date: 2019-01-11 22:55:40
(epstopdf)                    size: 154435 bytes
(epstopdf)             Command: <repstopdf --outfile=Fig/fig2_rmse-eps-converte
d-to.pdf Fig/fig2_rmse.eps>
(epstopdf)             \includegraphics on input line 383.
Package epstopdf Info: Output file is already uptodate.
<Fig/fig2_rmse-eps-converted-to.pdf, id=159, 421.575pt x 316.18124pt>
File: Fig/fig2_rmse-eps-converted-to.pdf Graphic file (type pdf)
<use Fig/fig2_rmse-eps-converted-to.pdf>
Package pdftex.def Info: Fig/fig2_rmse-eps-converted-to.pdf  used on input line
 383.
(pdftex.def)             Requested size: 267.39877pt x 200.55092pt.

Overfull \hbox (15.39877pt too wide) in paragraph at lines 383--384
 [][] 
 []

Package epstopdf Info: Source file: <Fig/fig3_3sigma.eps>
(epstopdf)                    date: 2019-01-11 22:54:01
(epstopdf)                    size: 1507687 bytes
(epstopdf)             Output file: <Fig/fig3_3sigma-eps-converted-to.pdf>
(epstopdf)                    date: 2019-01-11 22:55:42
(epstopdf)                    size: 454319 bytes
(epstopdf)             Command: <repstopdf --outfile=Fig/fig3_3sigma-eps-conver
ted-to.pdf Fig/fig3_3sigma.eps>
(epstopdf)             \includegraphics on input line 391.
Package epstopdf Info: Output file is already uptodate.
<Fig/fig3_3sigma-eps-converted-to.pdf, id=161, 421.575pt x 316.18124pt>
File: Fig/fig3_3sigma-eps-converted-to.pdf Graphic file (type pdf)
<use Fig/fig3_3sigma-eps-converted-to.pdf>
Package pdftex.def Info: Fig/fig3_3sigma-eps-converted-to.pdf  used on input li
ne 391.
(pdftex.def)             Requested size: 267.39877pt x 200.55092pt.

Overfull \hbox (15.39877pt too wide) in paragraph at lines 391--392
 [][] 
 []

[3pdfTeX warning (ext4): destination with the same identifier (name{equation.2.
4}) has been already used, duplicate ignored

\AtBegShi@Output ...ipout \box \AtBeginShipoutBox 
                                                  \fi \fi 
l.395 
      ]
Package epstopdf Info: Source file: <Fig/fig4_trace.eps>
(epstopdf)                    date: 2019-01-11 22:54:49
(epstopdf)                    size: 70568 bytes
(epstopdf)             Output file: <Fig/fig4_trace-eps-converted-to.pdf>
(epstopdf)                    date: 2019-01-11 22:55:43
(epstopdf)                    size: 23326 bytes
(epstopdf)             Command: <repstopdf --outfile=Fig/fig4_trace-eps-convert
ed-to.pdf Fig/fig4_trace.eps>
(epstopdf)             \includegraphics on input line 403.
Package epstopdf Info: Output file is already uptodate.
<Fig/fig4_trace-eps-converted-to.pdf, id=181, 421.575pt x 316.18124pt>
File: Fig/fig4_trace-eps-converted-to.pdf Graphic file (type pdf)
<use Fig/fig4_trace-eps-converted-to.pdf>
Package pdftex.def Info: Fig/fig4_trace-eps-converted-to.pdf  used on input lin
e 403.
(pdftex.def)             Requested size: 267.39877pt x 200.55092pt.
Package epstopdf Info: Source file: <Fig/fig4_trace_zoom_in.eps>
(epstopdf)                    date: 2019-01-11 22:55:35
(epstopdf)                    size: 52723 bytes
(epstopdf)             Output file: <Fig/fig4_trace_zoom_in-eps-converted-to.pd
f>
(epstopdf)                    date: 2019-01-11 22:55:45
(epstopdf)                    size: 18026 bytes
(epstopdf)             Command: <repstopdf --outfile=Fig/fig4_trace_zoom_in-eps
-converted-to.pdf Fig/fig4_trace_zoom_in.eps>
(epstopdf)             \includegraphics on input line 404.
Package epstopdf Info: Output file is already uptodate.
<Fig/fig4_trace_zoom_in-eps-converted-to.pdf, id=182, 421.575pt x 316.18124pt>
File: Fig/fig4_trace_zoom_in-eps-converted-to.pdf Graphic file (type pdf)
<use Fig/fig4_trace_zoom_in-eps-converted-to.pdf>
Package pdftex.def Info: Fig/fig4_trace_zoom_in-eps-converted-to.pdf  used on i
nput line 404.
(pdftex.def)             Requested size: 267.39877pt x 200.55092pt.

Overfull \hbox (15.39877pt too wide) in paragraph at lines 403--405
 [][] 
 []


Overfull \hbox (15.39877pt too wide) in paragraph at lines 403--405
 [][] 
 []

Package epstopdf Info: Source file: <Fig/fig5_nees.eps>
(epstopdf)                    date: 2019-01-11 22:58:50
(epstopdf)                    size: 70012 bytes
(epstopdf)             Output file: <Fig/fig5_nees-eps-converted-to.pdf>
(epstopdf)                    date: 2019-01-11 22:58:55
(epstopdf)                    size: 23940 bytes
(epstopdf)             Command: <repstopdf --outfile=Fig/fig5_nees-eps-converte
d-to.pdf Fig/fig5_nees.eps>
(epstopdf)             \includegraphics on input line 414.
Package epstopdf Info: Output file is already uptodate.
<Fig/fig5_nees-eps-converted-to.pdf, id=184, 421.575pt x 316.18124pt>
File: Fig/fig5_nees-eps-converted-to.pdf Graphic file (type pdf)
<use Fig/fig5_nees-eps-converted-to.pdf>
Package pdftex.def Info: Fig/fig5_nees-eps-converted-to.pdf  used on input line
 414.
(pdftex.def)             Requested size: 267.39877pt x 200.55092pt.

Overfull \hbox (15.39877pt too wide) in paragraph at lines 414--415
 [][] 
 []

Package epstopdf Info: Source file: <Fig/topology_dense.eps>
(epstopdf)                    date: 2019-01-11 22:50:14
(epstopdf)                    size: 89215 bytes
(epstopdf)             Output file: <Fig/topology_dense-eps-converted-to.pdf>
(epstopdf)                    date: 2019-01-11 22:51:21
(epstopdf)                    size: 151928 bytes
(epstopdf)             Command: <repstopdf --outfile=Fig/topology_dense-eps-con
verted-to.pdf Fig/topology_dense.eps>
(epstopdf)             \includegraphics on input line 424.
Package epstopdf Info: Output file is already uptodate.
<Fig/topology_dense-eps-converted-to.pdf, id=186, 421.575pt x 316.18124pt>
File: Fig/topology_dense-eps-converted-to.pdf Graphic file (type pdf)
<use Fig/topology_dense-eps-converted-to.pdf>
Package pdftex.def Info: Fig/topology_dense-eps-converted-to.pdf  used on input
 line 424.
(pdftex.def)             Requested size: 252.94499pt x 189.7102pt.

Overfull \hbox (0.94499pt too wide) in paragraph at lines 424--425
 [][] 
 []

Package epstopdf Info: Source file: <Fig/topology_sparse.eps>
(epstopdf)                    date: 2019-01-11 22:50:35
(epstopdf)                    size: 45133 bytes
(epstopdf)             Output file: <Fig/topology_sparse-eps-converted-to.pdf>
(epstopdf)                    date: 2019-01-11 22:51:23
(epstopdf)                    size: 43680 bytes
(epstopdf)             Command: <repstopdf --outfile=Fig/topology_sparse-eps-co
nverted-to.pdf Fig/topology_sparse.eps>
(epstopdf)             \includegraphics on input line 431.
Package epstopdf Info: Output file is already uptodate.
<Fig/topology_sparse-eps-converted-to.pdf, id=187, 421.575pt x 316.18124pt>
File: Fig/topology_sparse-eps-converted-to.pdf Graphic file (type pdf)
<use Fig/topology_sparse-eps-converted-to.pdf>
Package pdftex.def Info: Fig/topology_sparse-eps-converted-to.pdf  used on inpu
t line 431.
(pdftex.def)             Requested size: 252.94499pt x 189.7102pt.

Overfull \hbox (0.94499pt too wide) in paragraph at lines 431--432
 [][] 
 []


Underfull \vbox (badness 10000) has occurred while \output is active []

 [4pdfTeX warning (ext4): destination with the same identifier (name{figure.1})
 has been already used, duplicate ignored

\AtBegShi@Output ...ipout \box \AtBeginShipoutBox 
                                                  \fi \fi 
l.435 F
       igure \ref{fig::dense_topology} and Figure \ref{fig::sparse_topology}...
pdfTeX warning (ext4): destination with the same identifier (name{figure.2}) ha
s been already used, duplicate ignored

\AtBegShi@Output ...ipout \box \AtBeginShipoutBox 
                                                  \fi \fi 
l.435 F
       igure \ref{fig::dense_topology} and Figure \ref{fig::sparse_topology}...
 <./Fig/fig2_rmse-eps-converted-to.pdf> <./Fig/fig3_3sigma-eps-converted-to.pdf
>]
Overfull \vbox (27.71579pt too high) has occurred while \output is active []


Underfull \vbox (badness 10000) has occurred while \output is active []

 [5pdfTeX warning (ext4): destination with the same identifier (name{figure.3})
 has been already used, duplicate ignored

\AtBegShi@Output ...ipout \box \AtBeginShipoutBox 
                                                  \fi \fi 
l.444 
      pdfTeX warning (ext4): destination with the same identifier (name{figure.
6}) has been already used, duplicate ignored

\AtBegShi@Output ...ipout \box \AtBeginShipoutBox 
                                                  \fi \fi 
l.444 
      pdfTeX warning (ext4): destination with the same identifier (name{figure.
4}) has been already used, duplicate ignored

\AtBegShi@Output ...ipout \box \AtBeginShipoutBox 
                                                  \fi \fi 
l.444 
      pdfTeX warning (ext4): destination with the same identifier (name{figure.
5}) has been already used, duplicate ignored

\AtBegShi@Output ...ipout \box \AtBeginShipoutBox 
                                                  \fi \fi 
l.444 
       <./Fig/fig4_trace-eps-converted-to.pdf> <./Fig/fig4_trace_zoom_in-eps-co
nverted-to.pdf> <./Fig/topology_sparse-eps-converted-to.pdf> <./Fig/fig5_nees-e
ps-converted-to.pdf> <./Fig/topology_dense-eps-converted-to.pdf>]
(./CL-draft-0111.bbl
Underfull \hbox (badness 1584) in paragraph at lines 35--39
\OT1/ptm/m/n/10 Mul-ti-robot Co-op-er-a-tive Lo-cal-iza-tion Al-go-rithm with
 []

[6])

** Conference Paper **
Before submitting the final camera ready copy, remember to:

 1. Manually equalize the lengths of two columns on the last page
 of your paper;

 2. Ensure that any PostScript and/or PDF output post-processing
 uses only Type 1 fonts and that every step in the generation
 process uses the appropriate paper size.

Package atveryend Info: Empty hook `BeforeClearDocument' on input line 447.
[7

]
Package atveryend Info: Empty hook `AfterLastShipout' on input line 447.
 (./CL-draft-0111.aux)
Package atveryend Info: Executing hook `AtVeryEndDocument' on input line 447.
Package atveryend Info: Executing hook `AtEndAfterFileList' on input line 447.
Package rerunfilecheck Info: File `CL-draft-0111.out' has not changed.
(rerunfilecheck)             Checksum: 80C4AA62E87B0710CF0D321C46C81B08;364.
Package atveryend Info: Empty hook `AtVeryVeryEnd' on input line 447.
 ) 
Here is how much of TeX's memory you used:
 7512 strings out of 492641
 112023 string characters out of 6133116
 221792 words of memory out of 5000000
 11238 multiletter control sequences out of 15000+600000
 39648 words of font info for 81 fonts, out of 8000000 for 9000
 1141 hyphenation exceptions out of 8191
 28i,22n,29p,696b,445s stack positions out of 5000i,500n,10000p,200000b,80000s
{c:/texlive/2018/texmf-dist/fonts/enc/dvips/base/8r.enc}<c:/texlive/2018/texm
f-dist/fonts/type1/public/amsfonts/cm/cmbx10.pfb><c:/texlive/2018/texmf-dist/fo
nts/type1/public/amsfonts/cm/cmex10.pfb><c:/texlive/2018/texmf-dist/fonts/type1
/public/amsfonts/cm/cmmi10.pfb><c:/texlive/2018/texmf-dist/fonts/type1/public/a
msfonts/cm/cmmi7.pfb><c:/texlive/2018/texmf-dist/fonts/type1/public/amsfonts/cm
/cmmib10.pfb><c:/texlive/2018/texmf-dist/fonts/type1/public/amsfonts/cmextra/cm
mib7.pfb><c:/texlive/2018/texmf-dist/fonts/type1/public/amsfonts/cm/cmr10.pfb><
c:/texlive/2018/texmf-dist/fonts/type1/public/amsfonts/cm/cmr7.pfb><c:/texlive/
2018/texmf-dist/fonts/type1/public/amsfonts/cm/cmsy10.pfb><c:/texlive/2018/texm
f-dist/fonts/type1/public/amsfonts/cm/cmsy7.pfb><c:/texlive/2018/texmf-dist/fon
ts/type1/public/amsfonts/symbols/msbm10.pfb><c:/texlive/2018/texmf-dist/fonts/t
ype1/urw/times/utmb8a.pfb><c:/texlive/2018/texmf-dist/fonts/type1/urw/times/utm
bi8a.pfb><c:/texlive/2018/texmf-dist/fonts/type1/urw/times/utmr8a.pfb><c:/texli
ve/2018/texmf-dist/fonts/type1/urw/times/utmri8a.pfb>
Output written on CL-draft-0111.pdf (7 pages, 1044693 bytes).
PDF statistics:
 317 PDF objects out of 1000 (max. 8388607)
 272 compressed objects within 3 object streams
 66 named destinations out of 1000 (max. 500000)
 84 words of extra memory for PDF output out of 10000 (max. 10000000)

